--------------------------------------------------------------------------------
Release 14.7 Trace  (nt64)
Copyright (c) 1995-2013 Xilinx, Inc.  All rights reserved.

Y:\xilinx\14.7\ISE_DS\ISE\bin\nt64\unwrapped\trce.exe
Y:\POCP_Labs\Lab1\smartxplorer_results\run7\Equation_Impl.ncd
Y:\POCP_Labs\Lab1\smartxplorer_results\run7\Equation_Impl.pcf -xml
Y:\POCP_Labs\Lab1\smartxplorer_results\run7\Equation_Impl.twx -v 3 -s 3 -n 3
-fastpaths -o Y:\POCP_Labs\Lab1\smartxplorer_results\run7\Equation_Impl.twr

Design file:              Equation_Impl.ncd
Physical constraint file: Equation_Impl.pcf
Device,package,speed:     xc6slx9,ftg256,C,-3 (PRODUCTION 1.23 2013-10-13)
Report level:             verbose report

Environment Variable      Effect 
--------------------      ------ 
NONE                      No environment variables were set
--------------------------------------------------------------------------------

INFO:Timing:2698 - No timing constraints found, doing default enumeration.
INFO:Timing:3412 - To improve timing, see the Timing Closure User Guide (UG612).
INFO:Timing:2752 - To get complete path coverage, use the unconstrained paths 
   option. All paths that are not constrained will be reported in the 
   unconstrained paths section(s) of the report.
INFO:Timing:3339 - The clock-to-out numbers in this timing report are based on 
   a 50 Ohm transmission line loading model.  For the details of this model, 
   and for more information on accounting for different loading conditions, 
   please see the device datasheet.



Data Sheet report:
-----------------
All values displayed in nanoseconds (ns)

Pad to Pad
---------------+---------------+---------+
Source Pad     |Destination Pad|  Delay  |
---------------+---------------+---------+
in1            |Q              |    6.442|
in1            |nQ             |    6.539|
in2            |Q              |    7.101|
in2            |nQ             |    7.198|
in3            |Q              |    6.309|
in3            |nQ             |    6.406|
---------------+---------------+---------+


Analysis completed Tue Nov 02 12:19:43 2021 
--------------------------------------------------------------------------------

Trace Settings:
-------------------------
Trace Settings 

Peak Memory Usage: 230 MB



